Contents of pair:
EF01-EM01-Zygote_R1_001.fastp-trim.fq.gz EF01-EM01-Zygote_R2_001.fastp-trim.fq.gz

Contents of sample_name: EF01-EM01-Zygote

chr NC_035780.1 (65668440 bp)
chr NC_035781.1 (61752955 bp)
chr NC_035782.1 (77061148 bp)
chr NC_035783.1 (59691872 bp)
chr NC_035784.1 (98698416 bp)
chr NC_035785.1 (51258098 bp)
chr NC_035786.1 (57830854 bp)
chr NC_035787.1 (75944018 bp)
chr NC_035788.1 (104168038 bp)
chr NC_035789.1 (32650045 bp)
chr NC_007175.2 (17244 bp)

Number of paired-end alignments with a unique best hit:	6921637
Mapping efficiency:	22.6%

Sequence pairs with no alignments under any condition:	21362784
Sequence pairs did not map uniquely:	2354093
Sequence pairs which were discarded because genomic sequence could not be extracted:	10

Number of sequence pairs with unique best (first) alignment came from the bowtie output:
CT/GA/CT:	1778623	((converted) top strand)
GA/CT/CT:	1685263	(complementary to (converted) top strand)
GA/CT/GA:	1679977	(complementary to (converted) bottom strand)
CT/GA/GA:	1777764	((converted) bottom strand)

Number of paired-end alignments with a unique best hit:	6923793
Mapping efficiency:	22.6%

Sequence pairs with no alignments under any condition:	21355944
Sequence pairs did not map uniquely:	2358777
Sequence pairs which were discarded because genomic sequence could not be extracted:	19

Number of sequence pairs with unique best (first) alignment came from the bowtie output:
CT/GA/CT:	1778012	((converted) top strand)
GA/CT/CT:	1684847	(complementary to (converted) top strand)
GA/CT/GA:	1683582	(complementary to (converted) bottom strand)
CT/GA/GA:	1777333	((converted) bottom strand)

Number of paired-end alignments with a unique best hit:	6923454
Mapping efficiency:	22.6%

Sequence pairs with no alignments under any condition:	21359413
Sequence pairs did not map uniquely:	2355647
Sequence pairs which were discarded because genomic sequence could not be extracted:	9

Number of sequence pairs with unique best (first) alignment came from the bowtie output:
CT/GA/CT:	1778397	((converted) top strand)
GA/CT/CT:	1685957	(complementary to (converted) top strand)
GA/CT/GA:	1679486	(complementary to (converted) bottom strand)
CT/GA/GA:	1779605	((converted) bottom strand)

Number of paired-end alignments with a unique best hit:	6921074
Mapping efficiency:	22.6%

Sequence pairs with no alignments under any condition:	21360566
Sequence pairs did not map uniquely:	2356874
Sequence pairs which were discarded because genomic sequence could not be extracted:	11

Number of sequence pairs with unique best (first) alignment came from the bowtie output:
CT/GA/CT:	1780183	((converted) top strand)
GA/CT/CT:	1685755	(complementary to (converted) top strand)
GA/CT/GA:	1677115	(complementary to (converted) bottom strand)
CT/GA/GA:	1778010	((converted) bottom strand)

All child process successfully finished.EF01-EM01-Zygote_R1_001.fastp-trim.fq.gz.temp.1.gz	EF01-EM01-Zygote_R2_001.fastp-trim.fq.gz.temp.1.gz	EF01-EM01-Zygote_R1_001.fastp-trim.fq.gz.temp.2.gz	EF01-EM01-Zygote_R2_001.fastp-trim.fq.gz.temp.2.gz	EF01-EM01-Zygote_R1_001.fastp-trim.fq.gz.temp.3.gz	EF01-EM01-Zygote_R2_001.fastp-trim.fq.gz.temp.3.gz	EF01-EM01-Zygote_R1_001.fastp-trim.fq.gz.temp.4.gz	EF01-EM01-Zygote_R2_001.fastp-trim.fq.gz.temp.4.gz	

/gscratch/srlab/kdurkin1/kathleen-coral/project/output/02.01-bismark-bowtie2-alignment-SLURM-array/EF01-EM01-Zygote_R1_001.fastp-trim.fq.gz.temp.1.gz_bismark_bt2_pe.bam	/gscratch/srlab/kdurkin1/kathleen-coral/project/output/02.01-bismark-bowtie2-alignment-SLURM-array/EF01-EM01-Zygote_R1_001.fastp-trim.fq.gz.temp.2.gz_bismark_bt2_pe.bam	/gscratch/srlab/kdurkin1/kathleen-coral/project/output/02.01-bismark-bowtie2-alignment-SLURM-array/EF01-EM01-Zygote_R1_001.fastp-trim.fq.gz.temp.3.gz_bismark_bt2_pe.bam	/gscratch/srlab/kdurkin1/kathleen-coral/project/output/02.01-bismark-bowtie2-alignment-SLURM-array/EF01-EM01-Zygote_R1_001.fastp-trim.fq.gz.temp.4.gz_bismark_bt2_pe.bam	

Number of paired-end alignments with a unique best hit:	27689958
Mapping efficiency:	22.6%

Sequence pairs with no alignments under any condition:	85438707
Sequence pairs did not map uniquely:	9425391
Sequence pairs which were discarded because genomic sequence could not be extracted:	49

Number of sequence pairs with unique best (first) alignment came from the bowtie output:
CT/GA/CT:	7115215	((converted) top strand)
GA/CT/CT:	6741822	(complementary to (converted) top strand)
GA/CT/GA:	6720160	(complementary to (converted) bottom strand)
CT/GA/GA:	7112712	((converted) bottom strand)

EF01-EM01-Zygote_R1_001.fastp-trim.fq.gz.temp.1.gz_bismark_bt2_PE_report.txt	EF01-EM01-Zygote_R1_001.fastp-trim.fq.gz.temp.2.gz_bismark_bt2_PE_report.txt	EF01-EM01-Zygote_R1_001.fastp-trim.fq.gz.temp.3.gz_bismark_bt2_PE_report.txt	EF01-EM01-Zygote_R1_001.fastp-trim.fq.gz.temp.4.gz_bismark_bt2_PE_report.txt	

